<?xml version="1.0" encoding="UTF-8"?>
<!-- Generated by org.testng.reporters.JUnitReportReporter -->
<testsuite hostname="VNNOT02422" failures="0" tests="1" name="com.nopcommerce.user.Level_20_Fake_Data_P3_External_Json" time="2.497" errors="0" timestamp="27 Oct 2023 08:31:05 GMT" skipped="0">
  <testcase classname="com.nopcommerce.user.Level_20_Fake_Data_P3_External_Json" name="User_01_Register" time="2.497"/>
</testsuite> <!-- com.nopcommerce.user.Level_20_Fake_Data_P3_External_Json -->
