<?xml version="1.0" encoding="UTF-8"?>
<!-- Generated by org.testng.reporters.JUnitReportReporter -->
<testsuite hostname="VNNOT02422" failures="0" tests="1" name="com.nopcommerce.user.Level_21_Multiple_Environment_Parameter_multi_XML" time="2.278" errors="0" timestamp="30 Oct 2023 09:56:36 GMT" skipped="0">
  <testcase classname="com.nopcommerce.user.Level_21_Multiple_Environment_Parameter_multi_XML" name="User_01_Register" time="2.278"/>
</testsuite> <!-- com.nopcommerce.user.Level_21_Multiple_Environment_Parameter_multi_XML -->
